<?xml version="1.0" encoding="UTF-8"?>
<testng-results ignored="0" total="1" passed="1" failed="0" skipped="0">
  <reporter-output>
  </reporter-output>
  <suite started-at="2022-04-09T20:19:43 IST" name="Suite" finished-at="2022-04-09T20:19:48 IST" duration-ms="5521">
    <groups>
    </groups>
    <test started-at="2022-04-09T20:19:43 IST" name="Test" finished-at="2022-04-09T20:19:48 IST" duration-ms="5521">
      <class name="com.qa.testscripts.TC_dataEntry">
        <test-method is-config="true" signature="launchBrowser(java.lang.String,java.lang.String)[pri:0, instance:com.qa.testscripts.TC_dataEntry@32502377]" started-at="2022-04-09T20:19:43 IST" name="launchBrowser" finished-at="2022-04-09T20:19:47 IST" duration-ms="4081" status="PASS">
          <params>
            <param index="0">
              <value>
                <![CDATA[chrome]]>
              </value>
            </param>
            <param index="1">
              <value>
                <![CDATA[https://www.techlistic.com/p/selenium-practice-form.html]]>
              </value>
            </param>
          </params>
          <reporter-output>
          </reporter-output>
        </test-method> <!-- launchBrowser -->
        <test-method signature="enterData()[pri:0, instance:com.qa.testscripts.TC_dataEntry@32502377]" started-at="2022-04-09T20:19:47 IST" name="enterData" finished-at="2022-04-09T20:19:48 IST" duration-ms="1111" status="PASS">
          <reporter-output>
          </reporter-output>
        </test-method> <!-- enterData -->
        <test-method is-config="true" signature="quitBrowser()[pri:0, instance:com.qa.testscripts.TC_dataEntry@32502377]" started-at="2022-04-09T20:19:48 IST" name="quitBrowser" finished-at="2022-04-09T20:19:48 IST" duration-ms="286" status="PASS">
          <reporter-output>
          </reporter-output>
        </test-method> <!-- quitBrowser -->
      </class> <!-- com.qa.testscripts.TC_dataEntry -->
    </test> <!-- Test -->
  </suite> <!-- Suite -->
</testng-results>
